<?xml version="1.0" encoding="UTF-8"?>
<!-- Generated by org.testng.reporters.JUnitXMLReporter -->
<testsuite hostname="BLACKRABBIT" ignored="0" name="Test" tests="4" failures="0" timestamp="2019-12-30T13:32:21 CET" time="36.931" errors="0">
  <testcase name="basePageNavigation" time="0.054" classname="Academy.ValidateTitle"/>
  <testcase name="basePageNavigation" time="7.065" classname="Academy.HomePage"/>
  <testcase name="basePageNavigation" time="3.728" classname="Academy.HomePage"/>
  <testcase name="basePageNavigation" time="0.053" classname="Academy.ValidateNavBar"/>
</testsuite> <!-- Test -->
